<?xml version="1.0" encoding="UTF-8"?>
<testng-results ignored="0" total="1" passed="1" failed="0" skipped="0">
  <reporter-output>
  </reporter-output>
  <suite started-at="2022-02-18T16:33:42 IST" name="Default suite" finished-at="2022-02-18T16:33:50 IST" duration-ms="7833">
    <groups>
    </groups>
    <test started-at="2022-02-18T16:33:42 IST" name="Default test" finished-at="2022-02-18T16:33:50 IST" duration-ms="7833">
      <class name="test.testdata">
        <test-method signature="gmail()[pri:0, instance:test.testdata@1da2cb77]" started-at="2022-02-18T16:33:43 IST" name="gmail" finished-at="2022-02-18T16:33:50 IST" duration-ms="7778" status="PASS">
          <reporter-output>
          </reporter-output>
        </test-method> <!-- gmail -->
      </class> <!-- test.testdata -->
    </test> <!-- Default test -->
  </suite> <!-- Default suite -->
</testng-results>
